<?xml version="1.0" encoding="UTF-8"?>
<testng-results ignored="0" total="2" passed="1" failed="1" skipped="0">
  <reporter-output>
  </reporter-output>
  <suite started-at="2023-04-19T13:05:19 IST" name="Suite1" finished-at="2023-04-19T13:05:21 IST" duration-ms="1472">
    <groups>
      <group name="rishabh">
        <method signature="RestApi.groupTesting()[pri:0, instance:com.test.rishabh.RestApi@6bedbc4d]" name="groupTesting" class="com.test.rishabh.RestApi"/>
      </group> <!-- rishabh -->
      <group name="prince">
        <method signature="RestApi.groupTesting()[pri:0, instance:com.test.prince.RestApi@5ace1ed4]" name="groupTesting" class="com.test.prince.RestApi"/>
      </group> <!-- prince -->
    </groups>
    <test started-at="2023-04-19T13:05:19 IST" name="Test Demo" finished-at="2023-04-19T13:05:21 IST" duration-ms="1472">
      <class name="com.test.rishabh.RestApi">
        <test-method signature="groupTesting()[pri:0, instance:com.test.rishabh.RestApi@6bedbc4d]" started-at="2023-04-19T13:05:21 IST" name="groupTesting" finished-at="2023-04-19T13:05:21 IST" duration-ms="397" status="FAIL">
          <exception class="java.lang.AssertionError">
            <message>
              <![CDATA[beneficiary_name value is not matched in http://10.24.2.106/financial_account/73993 expected [sourabh gurav] but found [sagar gurav]]]>
            </message>
            <full-stacktrace>
              <![CDATA[java.lang.AssertionError: beneficiary_name value is not matched in http://10.24.2.106/financial_account/73993 expected [sourabh gurav] but found [sagar gurav]
at org.testng.Assert.fail(Assert.java:110)
at org.testng.Assert.failNotEquals(Assert.java:1577)
at org.testng.Assert.assertEqualsImpl(Assert.java:149)
at org.testng.Assert.assertEquals(Assert.java:131)
at com.test.rishabh.RestApi.verifyJsonObject(RestApi.java:42)
at com.test.rishabh.RestApi.groupTesting(RestApi.java:310)
at java.base/jdk.internal.reflect.NativeMethodAccessorImpl.invoke0(Native Method)
at java.base/jdk.internal.reflect.NativeMethodAccessorImpl.invoke(NativeMethodAccessorImpl.java:62)
at java.base/jdk.internal.reflect.DelegatingMethodAccessorImpl.invoke(DelegatingMethodAccessorImpl.java:43)
at java.base/java.lang.reflect.Method.invoke(Method.java:566)
at org.testng.internal.invokers.MethodInvocationHelper.invokeMethod(MethodInvocationHelper.java:139)
at org.testng.internal.invokers.TestInvoker.invokeMethod(TestInvoker.java:677)
at org.testng.internal.invokers.TestInvoker.invokeTestMethod(TestInvoker.java:221)
at org.testng.internal.invokers.MethodRunner.runInSequence(MethodRunner.java:50)
at org.testng.internal.invokers.TestInvoker$MethodInvocationAgent.invoke(TestInvoker.java:969)
at org.testng.internal.invokers.TestInvoker.invokeTestMethods(TestInvoker.java:194)
at org.testng.internal.invokers.TestMethodWorker.invokeTestMethods(TestMethodWorker.java:148)
at org.testng.internal.invokers.TestMethodWorker.run(TestMethodWorker.java:128)
at java.base/java.util.ArrayList.forEach(ArrayList.java:1541)
at org.testng.TestRunner.privateRun(TestRunner.java:829)
at org.testng.TestRunner.run(TestRunner.java:602)
at org.testng.SuiteRunner.runTest(SuiteRunner.java:437)
at org.testng.SuiteRunner.runSequentially(SuiteRunner.java:431)
at org.testng.SuiteRunner.privateRun(SuiteRunner.java:391)
at org.testng.SuiteRunner.run(SuiteRunner.java:330)
at org.testng.SuiteRunnerWorker.runSuite(SuiteRunnerWorker.java:52)
at org.testng.SuiteRunnerWorker.run(SuiteRunnerWorker.java:95)
at org.testng.TestNG.runSuitesSequentially(TestNG.java:1256)
at org.testng.TestNG.runSuitesLocally(TestNG.java:1176)
at org.testng.TestNG.runSuites(TestNG.java:1099)
at org.testng.TestNG.run(TestNG.java:1067)
at com.intellij.rt.testng.IDEARemoteTestNG.run(IDEARemoteTestNG.java:66)
at com.intellij.rt.testng.RemoteTestNGStarter.main(RemoteTestNGStarter.java:109)
]]>
            </full-stacktrace>
          </exception> <!-- java.lang.AssertionError -->
          <reporter-output>
          </reporter-output>
        </test-method> <!-- groupTesting -->
      </class> <!-- com.test.rishabh.RestApi -->
      <class name="com.test.prince.RestApi">
        <test-method signature="groupTesting()[pri:0, instance:com.test.prince.RestApi@5ace1ed4]" started-at="2023-04-19T13:05:19 IST" name="groupTesting" finished-at="2023-04-19T13:05:21 IST" duration-ms="1047" status="PASS">
          <reporter-output>
          </reporter-output>
        </test-method> <!-- groupTesting -->
      </class> <!-- com.test.prince.RestApi -->
    </test> <!-- Test Demo -->
  </suite> <!-- Suite1 -->
</testng-results>
